0 info it worked if it ends with ok
1 verbose cli [ '/usr/bin/nodejs', '/usr/bin/npm', 'run', 'watch' ]
2 info using npm@3.5.2
3 info using node@v4.2.6
4 verbose run-script [ 'prewatch', 'watch', 'postwatch' ]
5 info lifecycle banner-comments@0.0.1~prewatch: banner-comments@0.0.1
6 silly lifecycle banner-comments@0.0.1~prewatch: no script for prewatch, continuing
7 info lifecycle banner-comments@0.0.1~watch: banner-comments@0.0.1
8 verbose lifecycle banner-comments@0.0.1~watch: unsafe-perm in lifecycle true
9 verbose lifecycle banner-comments@0.0.1~watch: PATH: /usr/share/npm/bin/node-gyp-bin:/mnt/c/Repos/vscode_banner_comments/banner-comments/node_modules/.bin:/usr/local/sbin:/usr/local/bin:/usr/sbin:/usr/bin:/sbin:/bin:/usr/games:/usr/local/games:/mnt/c/ProgramData/Oracle/Java/javapath_target_745125:/mnt/c/Program Files (x86)/Intel/iCLS Client:/mnt/c/Program Files/Intel/iCLS Client:/mnt/c/Windows/System32:/mnt/c/Windows:/mnt/c/Windows/System32/wbem:/mnt/c/Windows/System32/WindowsPowerShell/v1.0:/mnt/c/Program Files (x86)/NVIDIA Corporation/PhysX/Common:/mnt/c/Program Files (x86)/Intel/Intel(R) Management Engine Components/DAL:/mnt/c/Program Files/Intel/Intel(R) Management Engine Components/DAL:/mnt/c/Program Files (x86)/Intel/Intel(R) Management Engine Components/IPT:/mnt/c/Program Files/Intel/Intel(R) Management Engine Components/IPT:/mnt/c/Program Files/Intel/WiFi/bin:/mnt/c/Program Files/Common Files/Intel/WirelessCommon:/mnt/c/Windows/System32:/mnt/c/Windows:/mnt/c/Windows/System32/wbem:/mnt/c/Windows/System32/WindowsPowerShell/v1.0:/mnt/c/Program Files/Git/cmd:/mnt/c/Program Files/PuTTY:/mnt/c/Users/junio/AppData/Roaming/nvm:/mnt/c/Users/junio/AppData/Roaming/nvm/v6.11.4:/mnt/c/HaxeToolkit/haxe:/mnt/c/HaxeToolkit/neko:/mnt/c/Python27/Scripts:/mnt/c/Python27:/mnt/c/Users/junio/AppData/Local/Microsoft/WindowsApps:/mnt/c/Program Files/Microsoft VS Code/bin:/mnt/c/Users/junio/AppData/Roaming/npm:/mnt/c/Users/junio/AppData/Roaming/nvm:/mnt/c/Users/junio/AppData/Roaming/nvm/v6.11.4
10 verbose lifecycle banner-comments@0.0.1~watch: CWD: /mnt/c/Repos/vscode_banner_comments/banner-comments
11 silly lifecycle banner-comments@0.0.1~watch: Args: [ '-c', 'tsc -watch -p ./' ]
12 info lifecycle banner-comments@0.0.1~watch: Failed to exec watch script
13 verbose stack Error: banner-comments@0.0.1 watch: `tsc -watch -p ./`
13 verbose stack spawn ENOENT
13 verbose stack     at ChildProcess.<anonymous> (/usr/share/npm/lib/utils/spawn.js:17:16)
13 verbose stack     at emitTwo (events.js:87:13)
13 verbose stack     at ChildProcess.emit (events.js:172:7)
13 verbose stack     at maybeClose (internal/child_process.js:821:16)
13 verbose stack     at Process.ChildProcess._handle.onexit (internal/child_process.js:211:5)
14 verbose pkgid banner-comments@0.0.1
15 verbose cwd /mnt/c/Repos/vscode_banner_comments/banner-comments
16 error Linux 4.4.0-43-Microsoft
17 error argv "/usr/bin/nodejs" "/usr/bin/npm" "run" "watch"
18 error node v4.2.6
19 error npm  v3.5.2
20 error file sh
21 error code ELIFECYCLE
22 error errno ENOENT
23 error syscall spawn
24 error banner-comments@0.0.1 watch: `tsc -watch -p ./`
24 error spawn ENOENT
25 error Failed at the banner-comments@0.0.1 watch script 'tsc -watch -p ./'.
25 error Make sure you have the latest version of node.js and npm installed.
25 error If you do, this is most likely a problem with the banner-comments package,
25 error not with npm itself.
25 error Tell the author that this fails on your system:
25 error     tsc -watch -p ./
25 error You can get information on how to open an issue for this project with:
25 error     npm bugs banner-comments
25 error Or if that isn't available, you can get their info via:
25 error     npm owner ls banner-comments
25 error There is likely additional logging output above.
26 verbose exit [ 1, true ]
